timestamp: 2012-11-05T10:53:51.351386
CREATE TABLE auth_user(
    id INTEGER PRIMARY KEY AUTOINCREMENT,
    first_name CHAR(128),
    last_name CHAR(128),
    email CHAR(512),
    password CHAR(512),
    registration_key CHAR(512),
    reset_password_key CHAR(512),
    registration_id CHAR(512)
);
success!
timestamp: 2012-11-05T10:53:51.353958
CREATE TABLE auth_group(
    id INTEGER PRIMARY KEY AUTOINCREMENT,
    role CHAR(512),
    description TEXT
);
success!
timestamp: 2012-11-05T10:53:51.356918
CREATE TABLE auth_membership(
    id INTEGER PRIMARY KEY AUTOINCREMENT,
    user_id INTEGER REFERENCES auth_user (id) ON DELETE CASCADE,
    group_id INTEGER REFERENCES auth_group (id) ON DELETE CASCADE
);
success!
timestamp: 2012-11-05T10:53:51.380365
CREATE TABLE auth_permission(
    id INTEGER PRIMARY KEY AUTOINCREMENT,
    group_id INTEGER REFERENCES auth_group (id) ON DELETE CASCADE,
    name CHAR(512),
    table_name CHAR(512),
    record_id INTEGER
);
success!
timestamp: 2012-11-05T10:53:51.384197
CREATE TABLE auth_event(
    id INTEGER PRIMARY KEY AUTOINCREMENT,
    time_stamp TIMESTAMP,
    client_ip CHAR(512),
    user_id INTEGER REFERENCES auth_user (id) ON DELETE CASCADE,
    origin CHAR(512),
    description TEXT
);
success!
timestamp: 2012-11-05T10:53:51.388257
CREATE TABLE auth_cas(
    id INTEGER PRIMARY KEY AUTOINCREMENT,
    user_id INTEGER REFERENCES auth_user (id) ON DELETE CASCADE,
    created_on TIMESTAMP,
    service CHAR(512),
    ticket CHAR(512),
    renew CHAR(1)
);
success!
timestamp: 2013-01-24T15:26:10.148680
CREATE TABLE problemBank(
    id INTEGER PRIMARY KEY AUTOINCREMENT,
    name CHAR(512),
    type CHAR(512),
    text CHAR(512),
    points TEXT,
    lines TEXT
);
success!
timestamp: 2013-01-24T15:26:10.158740
CREATE TABLE procedures(
    id INTEGER PRIMARY KEY AUTOINCREMENT,
    name CHAR(512),
    parameters TEXT,
    displayLabel CHAR(512),
    label CHAR(512),
    steps TEXT,
    trigger CHAR(512),
    origin CHAR(512)
);
success!
timestamp: 2013-06-21T11:18:21.677411
ALTER TABLE problemBank ADD prompt CHAR(512);
timestamp: 2013-06-24T13:31:06.232959
ALTER TABLE problemBank ADD prompts TEXT;
timestamp: 2013-07-03T19:07:05.165057
ALTER TABLE problemBank ADD solution CHAR(512);
timestamp: 2013-09-01T16:20:15.463619
CREATE TABLE attributions(
    id INTEGER PRIMARY KEY AUTOINCREMENT,
    emotion CHAR(512),
    success CHAR(1),
    dimension CHAR(512),
    attribution CHAR(512),
    file_name CHAR(512),
    used CHAR(1),
    session CHAR(1)
);
success!
timestamp: 2013-10-22T14:51:35.746524
ALTER TABLE problemBank ADD problemtype CHAR(512);
timestamp: 2013-11-12T12:46:58.553633
ALTER TABLE attributions ADD message CHAR(512);
timestamp: 2014-02-16T15:49:32.449700
CREATE TABLE testers(
    id INTEGER PRIMARY KEY AUTOINCREMENT,
    name CHAR(512)
);
success!
timestamp: 2014-02-16T16:04:20.801472
CREATE TABLE conditions(
    id INTEGER PRIMARY KEY AUTOINCREMENT,
    name CHAR(512)
);
success!
timestamp: 2014-02-16T16:04:20.803766
CREATE TABLE sessions(
    id INTEGER PRIMARY KEY AUTOINCREMENT,
    subject_id INTEGER,
    tester_name INTEGER,
    condition_name INTEGER
);
success!
timestamp: 2014-02-16T16:07:53.919293
ALTER TABLE sessions ADD end_time TIMESTAMP;
timestamp: 2014-02-16T16:07:53.921808
ALTER TABLE sessions ADD start_time TIMESTAMP;
timestamp: 2014-02-26T21:19:39.119086
ALTER TABLE sessions ADD comments CHAR(512);
timestamp: 2014-09-11T14:17:28.631617
CREATE TABLE prompts(
    id INTEGER PRIMARY KEY AUTOINCREMENT,
    prompt_id CHAR(512),
    prompt CHAR(512),
    audio_file CHAR(512)
);
success!
timestamp: 2014-09-11T14:24:40.538459
ALTER TABLE prompts ADD count INTEGER;
timestamp: 2015-01-12T13:32:15.216189
CREATE TABLE report(
    id INTEGER PRIMARY KEY AUTOINCREMENT,
    user_id CHAR(512),
    problem_no INTEGER,
    incorrect_attempt INTEGER,
    time_taken CHAR(512)
);
success!
timestamp: 2015-01-12T13:32:15.219356
CREATE TABLE report_detail(
    id INTEGER PRIMARY KEY AUTOINCREMENT,
    user_id CHAR(512),
    problem_no INTEGER,
    plotted_x INTEGER,
    plotted_y INTEGER,
    error CHAR(512)
);
success!
